2023.10.08 18:24:39 INFO  Started: Metals version 1.0.1 in folders 'C:\Users\tyrbi\naumen.scala.course.2023.spring\homeworks\homework_4' for client Visual Studio Code 1.83.0.
окт. 08, 2023 6:24:40 PM org.flywaydb.core.internal.license.VersionPrinter printVersionOnly
INFO: Flyway Community Edition 9.21.2 by Redgate
окт. 08, 2023 6:24:40 PM org.flywaydb.core.internal.license.VersionPrinter printVersion
INFO: See release notes here: https://rd.gt/416ObMi
окт. 08, 2023 6:24:40 PM org.flywaydb.core.internal.license.VersionPrinter printVersion
INFO: 
окт. 08, 2023 6:24:40 PM org.flywaydb.core.FlywayExecutor execute
INFO: Database: jdbc:h2:file:C:\Users\tyrbi\naumen.scala.course.2023.spring\homeworks\homework_4\.metals\metals (H2 2.1)
окт. 08, 2023 6:24:40 PM org.flywaydb.core.internal.schemahistory.JdbcTableSchemaHistory allAppliedMigrations
INFO: Schema history table "PUBLIC"."flyway_schema_history" does not exist yet
окт. 08, 2023 6:24:40 PM org.flywaydb.core.internal.command.DbValidate validate
INFO: Successfully validated 4 migrations (execution time 00:00.029s)
окт. 08, 2023 6:24:40 PM org.flywaydb.core.internal.schemahistory.JdbcTableSchemaHistory create
INFO: Creating Schema History table "PUBLIC"."flyway_schema_history" ...
окт. 08, 2023 6:24:40 PM org.flywaydb.core.internal.command.DbMigrate migrateGroup
INFO: Current version of schema "PUBLIC": << Empty Schema >>
окт. 08, 2023 6:24:40 PM org.flywaydb.core.internal.command.DbMigrate doMigrateGroup
INFO: Migrating schema "PUBLIC" to version "1 - Create tables"
окт. 08, 2023 6:24:40 PM org.flywaydb.core.internal.command.DbMigrate doMigrateGroup
INFO: Migrating schema "PUBLIC" to version "2 - Server discovery"
окт. 08, 2023 6:24:40 PM org.flywaydb.core.internal.command.DbMigrate doMigrateGroup
INFO: Migrating schema "PUBLIC" to version "3 - Jar symbols"
окт. 08, 2023 6:24:40 PM org.flywaydb.core.internal.command.DbMigrate doMigrateGroup
INFO: Migrating schema "PUBLIC" to version "4 - Fingerprints"
окт. 08, 2023 6:24:40 PM org.flywaydb.core.internal.command.DbMigrate logSummary
INFO: Successfully applied 4 migrations to schema "PUBLIC", now at version v4 (execution time 00:00.034s)
2023.10.08 18:24:40 INFO  time: initialize in 0.9s
2023.10.08 18:24:43 WARN  Build server is not auto-connectable.
2023.10.08 18:24:43 WARN  no build target for: C:\Users\tyrbi\naumen.scala.course.2023.spring\homeworks\homework_4\src\main\scala\Cell.scala
2023.10.08 18:24:49 INFO  no build target found for C:\Users\tyrbi\naumen.scala.course.2023.spring\homeworks\homework_4\src\main\scala\Cell.scala. Using presentation compiler with project's scala-library version: 3.3.0
окт. 08, 2023 6:24:50 PM org.eclipse.lsp4j.jsonrpc.RemoteEndpoint handleCancellation
WARNING: Unmatched cancel notification for request id 1
окт. 08, 2023 6:24:50 PM org.eclipse.lsp4j.jsonrpc.RemoteEndpoint handleCancellation
WARNING: Unmatched cancel notification for request id 3
2023.10.08 18:24:50 WARN  no build target for: C:\Users\tyrbi\naumen.scala.course.2023.spring\homeworks\homework_4\src\main\scala\Table.scala
окт. 08, 2023 6:24:50 PM org.eclipse.lsp4j.jsonrpc.RemoteEndpoint handleCancellation
WARNING: Unmatched cancel notification for request id 8
2023.10.08 18:24:50 WARN  no build target for: C:\Users\tyrbi\naumen.scala.course.2023.spring\homeworks\homework_4\src\test\scala\Test.scala
окт. 08, 2023 6:24:51 PM org.eclipse.lsp4j.jsonrpc.RemoteEndpoint handleCancellation
WARNING: Unmatched cancel notification for request id 15
окт. 08, 2023 6:24:51 PM org.eclipse.lsp4j.jsonrpc.RemoteEndpoint handleCancellation
WARNING: Unmatched cancel notification for request id 12
окт. 08, 2023 6:24:51 PM org.eclipse.lsp4j.jsonrpc.RemoteEndpoint handleCancellation
WARNING: Unmatched cancel notification for request id 13
2023.10.08 18:24:53 INFO  time: code lens generation in 2.63s
2023.10.08 18:24:54 INFO  time: code lens generation in 3.33s
2023.10.08 18:24:54 INFO  time: code lens generation in 3.64s
2023.10.08 18:24:59 WARN  no build target for: C:\Users\tyrbi\naumen.scala.course.2023.spring\homeworks\homework_4\build.sbt
2023.10.08 18:24:59 WARN  Could not find semantic tokens for: file:///C:/Users/tyrbi/naumen.scala.course.2023.spring/homeworks/homework_4/build.sbt
2023.10.08 18:24:59 WARN  Could not find semantic tokens for: file:///C:/Users/tyrbi/naumen.scala.course.2023.spring/homeworks/homework_4/build.sbt
2023.10.08 18:25:01 WARN  no build target for: C:\Users\tyrbi\naumen.scala.course.2023.spring\homeworks\homework_4\src\test\scala\Test.scala
2023.10.08 18:25:18 WARN  no build target for: C:\Users\tyrbi\naumen.scala.course.2023.spring\homeworks\homework_4\src\test\scala\Test.scala
2023.10.08 18:25:19 WARN  no build target for: C:\Users\tyrbi\naumen.scala.course.2023.spring\homeworks\homework_4\src\main\scala\Cell.scala
2023.10.08 18:25:26 INFO  Shutting down server
2023.10.08 18:25:26 INFO  shutting down Metals
2023.10.08 18:25:26 INFO  Exiting server
