[debug] > Exec(~run, None, None)
[warn] build source files have changed
[warn] modified files: 
[warn]   C:\Users\Никита\IdeaProjects\SbtExampleProject2\build.sbt
[warn] Apply these changes by running `reload`.
[warn] Automatically reload the build when source changes are detected by setting `Global / onChangedBuildSource := ReloadOnSourceChanges`.
[warn] Disable this warning by setting `Global / onChangedBuildSource := IgnoreSourceChanges`.
[debug] > Exec(__runWatch console0, None, None)
[debug] > Exec(sbtStashOnFailure, None, None)
[debug] > Exec(__preWatch console0, None, None)
[debug] > Exec(run, None, None)
[debug] Evaluating tasks: Compile / run
[debug] Running task... Cancel: Signal, check cycles: false, forcegc: true
[info] compiling 1 Scala source to C:\Users\Никита\IdeaProjects\SbtExampleProject2\target\scala-2.12\classes ...
[error] C:\Users\Никита\IdeaProjects\SbtExampleProject2\src\main\scala\example\Main.scala:3:3: not found: value printGreeting
[error]   printGreeting(name, "Hello")
[error]   ^
[error] C:\Users\Никита\IdeaProjects\SbtExampleProject2\src\main\scala\example\Main.scala:5:30: not found: value printGreeting
[error]   greetings.foreach(greet => printGreeting(name, greet))
[error]                              ^
[error] C:\Users\Никита\IdeaProjects\SbtExampleProject2\src\main\scala\example\Main.scala:6:30: not found: value printGreeting
[error]   greetings.foreach(greet => printGreeting(name.reverse, greet))
[error]                              ^
[error] three errors found
[debug] Forcing garbage collection...
[error] (Compile / compileIncremental) Compilation failed
[error] Total time: 1 s, completed 01.03.2023 17:39:46
[debug] > Exec(resumeFromFailure, None, None)
[debug] > Exec(sbtPopOnFailure, None, None)
[debug] > Exec(__postWatch console0, None, None)
[debug] > Exec(__waitWatch console0, None, None)
