2023.10.08 18:05:49 INFO  Started: Metals version 1.0.1 in folders 'C:\Users\tyrbi\naumen.scala.course.2023.spring\homeworks\homework_1' for client Visual Studio Code 1.83.0.
окт. 08, 2023 6:05:49 PM org.flywaydb.core.internal.license.VersionPrinter printVersionOnly
INFO: Flyway Community Edition 9.21.2 by Redgate
окт. 08, 2023 6:05:49 PM org.flywaydb.core.internal.license.VersionPrinter printVersion
INFO: See release notes here: https://rd.gt/416ObMi
окт. 08, 2023 6:05:49 PM org.flywaydb.core.internal.license.VersionPrinter printVersion
INFO: 
окт. 08, 2023 6:05:50 PM org.flywaydb.core.FlywayExecutor execute
INFO: Database: jdbc:h2:file:C:\Users\tyrbi\naumen.scala.course.2023.spring\homeworks\homework_1\.metals\metals (H2 2.1)
окт. 08, 2023 6:05:50 PM org.flywaydb.core.internal.schemahistory.JdbcTableSchemaHistory allAppliedMigrations
INFO: Schema history table "PUBLIC"."flyway_schema_history" does not exist yet
окт. 08, 2023 6:05:50 PM org.flywaydb.core.internal.command.DbValidate validate
INFO: Successfully validated 4 migrations (execution time 00:00.018s)
окт. 08, 2023 6:05:50 PM org.flywaydb.core.internal.schemahistory.JdbcTableSchemaHistory create
INFO: Creating Schema History table "PUBLIC"."flyway_schema_history" ...
окт. 08, 2023 6:05:50 PM org.flywaydb.core.internal.command.DbMigrate migrateGroup
INFO: Current version of schema "PUBLIC": << Empty Schema >>
окт. 08, 2023 6:05:50 PM org.flywaydb.core.internal.command.DbMigrate doMigrateGroup
INFO: Migrating schema "PUBLIC" to version "1 - Create tables"
окт. 08, 2023 6:05:50 PM org.flywaydb.core.internal.command.DbMigrate doMigrateGroup
INFO: Migrating schema "PUBLIC" to version "2 - Server discovery"
окт. 08, 2023 6:05:50 PM org.flywaydb.core.internal.command.DbMigrate doMigrateGroup
INFO: Migrating schema "PUBLIC" to version "3 - Jar symbols"
окт. 08, 2023 6:05:50 PM org.flywaydb.core.internal.command.DbMigrate doMigrateGroup
INFO: Migrating schema "PUBLIC" to version "4 - Fingerprints"
окт. 08, 2023 6:05:50 PM org.flywaydb.core.internal.command.DbMigrate logSummary
INFO: Successfully applied 4 migrations to schema "PUBLIC", now at version v4 (execution time 00:00.032s)
2023.10.08 18:05:50 INFO  time: initialize in 1.01s
2023.10.08 18:05:57 INFO  no build target found for C:\Users\tyrbi\naumen.scala.course.2023.spring\homeworks\homework_1\task_3\untitled1\src\main\scala\Main.scala. Using presentation compiler with project's scala-library version: 3.3.0
2023.10.08 18:06:01 INFO  time: code lens generation in 1.69s
2023.10.08 18:06:01 INFO  time: code lens generation in 2.25s
2023.10.08 18:06:01 INFO  time: code lens generation in 1.08s
2023.10.08 18:06:01 INFO  time: code lens generation in 3.07s
2023.10.08 18:06:01 INFO  time: code lens generation in 7.7s
2023.10.08 18:06:01 INFO  time: code lens generation in 3.14s
2023.10.08 18:06:06 INFO  Running List(C:\Users\tyrbi\AppData\Local\Coursier\data\bin\scala-cli.BAT, setup-ide, C:\Users\tyrbi\naumen.scala.course.2023.spring\homeworks\homework_1)
2023.10.08 18:06:07 INFO  Attempting to connect to the build server...
2023.10.08 18:06:07 INFO  Running BSP server List(C:\Users\tyrbi\AppData\Local\Coursier\data\bin\.scala-cli.aux.exe, bsp, --json-options, C:\Users\tyrbi\naumen.scala.course.2023.spring\homeworks\homework_1\.scala-build\ide-options-v2.json, C:\Users\tyrbi\naumen.scala.course.2023.spring\homeworks\homework_1)
2023.10.08 18:06:07 WARN  No build session currently active to reload.
2023.10.08 18:06:09 INFO  tracing is disabled for protocol BSP, to enable tracing of incoming and outgoing JSON messages create an empty file at C:\Users\tyrbi\naumen.scala.course.2023.spring\homeworks\homework_1\.metals\bsp.trace.json or C:\Users\tyrbi\AppData\Local\scalameta\metals\cache\bsp.trace.json
2023.10.08 18:06:09 INFO  BSP server: Starting compilation server
2023.10.08 18:06:09 INFO  BSP server: Downloading https://repo1.maven.org/maven2/io/github/alexarchambault/bleep/bloop-frontend_2.12/1.5.9-sc-1/bloop-frontend_2.12-1.5.9-sc-1.pom
2023.10.08 18:06:09 INFO  BSP server: Downloaded https://repo1.maven.org/maven2/io/github/alexarchambault/bleep/bloop-frontend_2.12/1.5.9-sc-1/bloop-frontend_2.12-1.5.9-sc-1.pom
2023.10.08 18:06:09 INFO  BSP server: Downloading https://repo1.maven.org/maven2/ch/qos/logback/logback-classic/1.4.6/logback-classic-1.4.6.pom
2023.10.08 18:06:09 INFO  BSP server: Downloading https://repo1.maven.org/maven2/io/github/alexarchambault/libdaemon/libdaemon_2.12/0.0.11/libdaemon_2.12-0.0.11.pom
2023.10.08 18:06:09 INFO  BSP server: Downloading https://repo1.maven.org/maven2/io/github/alexarchambault/bleep/bloop-backend_2.12/1.5.9-sc-1/bloop-backend_2.12-1.5.9-sc-1.pom
2023.10.08 18:06:09 INFO  BSP server: Downloaded https://repo1.maven.org/maven2/ch/qos/logback/logback-classic/1.4.6/logback-classic-1.4.6.pom
2023.10.08 18:06:09 INFO  BSP server: Downloaded https://repo1.maven.org/maven2/io/github/alexarchambault/bleep/bloop-backend_2.12/1.5.9-sc-1/bloop-backend_2.12-1.5.9-sc-1.pom
2023.10.08 18:06:11 INFO  BSP server: Downloaded https://repo1.maven.org/maven2/io/github/alexarchambault/libdaemon/libdaemon_2.12/0.0.11/libdaemon_2.12-0.0.11.pom
2023.10.08 18:06:11 INFO  BSP server: Downloading https://repo1.maven.org/maven2/ch/qos/logback/logback-parent/1.4.6/logback-parent-1.4.6.pom
2023.10.08 18:06:11 INFO  BSP server: Downloaded https://repo1.maven.org/maven2/ch/qos/logback/logback-parent/1.4.6/logback-parent-1.4.6.pom
2023.10.08 18:06:11 INFO  BSP server: Downloading https://repo1.maven.org/maven2/io/github/alexarchambault/bleep/nailgun-server/1.0.7/nailgun-server-1.0.7.pom
2023.10.08 18:06:11 INFO  BSP server: Downloading https://repo1.maven.org/maven2/io/github/alexarchambault/bleep/bloop-shared_2.12/1.5.9-sc-1/bloop-shared_2.12-1.5.9-sc-1.pom
2023.10.08 18:06:11 INFO  BSP server: Downloading https://repo1.maven.org/maven2/org/slf4j/slf4j-api/2.0.4/slf4j-api-2.0.4.pom
2023.10.08 18:06:11 INFO  BSP server: Downloading https://repo1.maven.org/maven2/ch/qos/logback/logback-core/1.4.6/logback-core-1.4.6.pom
2023.10.08 18:06:11 INFO  BSP server: Downloading https://repo1.maven.org/maven2/org/scala-sbt/test-agent/1.8.3/test-agent-1.8.3.pom
2023.10.08 18:06:11 INFO  BSP server: Downloaded https://repo1.maven.org/maven2/io/github/alexarchambault/bleep/nailgun-server/1.0.7/nailgun-server-1.0.7.pom
2023.10.08 18:06:11 INFO  BSP server: Downloaded https://repo1.maven.org/maven2/org/slf4j/slf4j-api/2.0.4/slf4j-api-2.0.4.pom
2023.10.08 18:06:11 INFO  BSP server: Downloaded https://repo1.maven.org/maven2/org/scala-sbt/test-agent/1.8.3/test-agent-1.8.3.pom
2023.10.08 18:06:11 INFO  BSP server: Downloaded https://repo1.maven.org/maven2/ch/qos/logback/logback-core/1.4.6/logback-core-1.4.6.pom
2023.10.08 18:06:12 INFO  BSP server: Downloaded https://repo1.maven.org/maven2/io/github/alexarchambault/bleep/bloop-shared_2.12/1.5.9-sc-1/bloop-shared_2.12-1.5.9-sc-1.pom
2023.10.08 18:06:12 INFO  BSP server: Downloading https://repo1.maven.org/maven2/org/slf4j/slf4j-parent/2.0.4/slf4j-parent-2.0.4.pom
2023.10.08 18:06:12 INFO  BSP server: Downloaded https://repo1.maven.org/maven2/org/slf4j/slf4j-parent/2.0.4/slf4j-parent-2.0.4.pom
2023.10.08 18:06:12 INFO  BSP server: Downloading https://repo1.maven.org/maven2/org/scala-sbt/test-agent/1.9.2/test-agent-1.9.2.pom
2023.10.08 18:06:12 INFO  BSP server: Downloading https://repo1.maven.org/maven2/net/java/dev/jna/jna-platform/4.4.0/jna-platform-4.4.0.pom
2023.10.08 18:06:12 INFO  BSP server: Downloading https://repo1.maven.org/maven2/io/get-coursier/interface/1.0.13/interface-1.0.13.pom
2023.10.08 18:06:12 INFO  BSP server: Downloading https://repo1.maven.org/maven2/net/java/dev/jna/jna/4.5.2/jna-4.5.2.pom
2023.10.08 18:06:12 INFO  BSP server: Downloaded https://repo1.maven.org/maven2/net/java/dev/jna/jna-platform/4.4.0/jna-platform-4.4.0.pom
2023.10.08 18:06:12 INFO  BSP server: Downloaded https://repo1.maven.org/maven2/net/java/dev/jna/jna/4.5.2/jna-4.5.2.pom
2023.10.08 18:06:12 INFO  BSP server: Downloaded https://repo1.maven.org/maven2/io/get-coursier/interface/1.0.13/interface-1.0.13.pom
2023.10.08 18:06:12 INFO  BSP server: Downloaded https://repo1.maven.org/maven2/org/scala-sbt/test-agent/1.9.2/test-agent-1.9.2.pom
2023.10.08 18:06:14 INFO  BSP server: Downloading https://repo1.maven.org/maven2/org/slf4j/slf4j-api/2.0.6/slf4j-api-2.0.6.pom
2023.10.08 18:06:14 INFO  BSP server: Downloading https://repo1.maven.org/maven2/org/scala-sbt/launcher-interface/1.0.0/launcher-interface-1.0.0.pom
2023.10.08 18:06:14 INFO  BSP server: Downloaded https://repo1.maven.org/maven2/org/scala-sbt/launcher-interface/1.0.0/launcher-interface-1.0.0.pom
2023.10.08 18:06:14 INFO  BSP server: Downloaded https://repo1.maven.org/maven2/org/slf4j/slf4j-api/2.0.6/slf4j-api-2.0.6.pom
2023.10.08 18:06:14 INFO  BSP server: Downloading https://repo1.maven.org/maven2/org/slf4j/slf4j-parent/2.0.6/slf4j-parent-2.0.6.pom
2023.10.08 18:06:14 INFO  BSP server: Downloaded https://repo1.maven.org/maven2/org/slf4j/slf4j-parent/2.0.6/slf4j-parent-2.0.6.pom
2023.10.08 18:06:15 INFO  BSP server: Downloading https://repo1.maven.org/maven2/org/scala-sbt/test-agent/1.9.2/test-agent-1.9.2.jar
2023.10.08 18:06:15 INFO  BSP server: Downloading https://repo1.maven.org/maven2/com/chuusai/shapeless_2.12/2.3.3/shapeless_2.12-2.3.3.jar
2023.10.08 18:06:15 INFO  BSP server: Downloading https://repo1.maven.org/maven2/io/github/alexarchambault/bleep/bloop-frontend_2.12/1.5.9-sc-1/bloop-frontend_2.12-1.5.9-sc-1.jar
2023.10.08 18:06:15 INFO  BSP server: Downloading https://repo1.maven.org/maven2/io/zipkin/reporter2/zipkin-sender-urlconnection/2.16.4/zipkin-sender-urlconnection-2.16.4.jar
2023.10.08 18:06:15 INFO  BSP server: Downloading https://repo1.maven.org/maven2/org/apache/logging/log4j/log4j-core/2.20.0/log4j-core-2.20.0.jar
2023.10.08 18:06:15 INFO  BSP server: Downloading https://repo1.maven.org/maven2/org/slf4j/slf4j-api/2.0.6/slf4j-api-2.0.6.jar
2023.10.08 18:06:15 INFO  BSP server: Downloaded https://repo1.maven.org/maven2/io/zipkin/reporter2/zipkin-sender-urlconnection/2.16.4/zipkin-sender-urlconnection-2.16.4.jar
2023.10.08 18:06:15 INFO  BSP server: Downloading https://repo1.maven.org/maven2/org/typelevel/cats-effect_2.12/2.1.3/cats-effect_2.12-2.1.3.jar
2023.10.08 18:06:15 INFO  BSP server: Downloaded https://repo1.maven.org/maven2/org/scala-sbt/test-agent/1.9.2/test-agent-1.9.2.jar
2023.10.08 18:06:15 INFO  BSP server: Downloading https://repo1.maven.org/maven2/io/github/alexarchambault/bleep/nailgun-server/1.0.7/nailgun-server-1.0.7.jar
2023.10.08 18:06:17 INFO  BSP server: Downloaded https://repo1.maven.org/maven2/org/slf4j/slf4j-api/2.0.6/slf4j-api-2.0.6.jar
2023.10.08 18:06:17 INFO  BSP server: Downloading https://repo1.maven.org/maven2/org/scalaz/scalaz-core_2.12/7.3.7/scalaz-core_2.12-7.3.7.jar
2023.10.08 18:06:17 INFO  BSP server: Downloaded https://repo1.maven.org/maven2/io/github/alexarchambault/bleep/nailgun-server/1.0.7/nailgun-server-1.0.7.jar
2023.10.08 18:06:17 INFO  BSP server: Downloading https://repo1.maven.org/maven2/io/get-coursier/interface/1.0.13/interface-1.0.13.jar
2023.10.08 18:06:24 INFO  BSP server: Still downloading:
2023.10.08 18:06:24 INFO  BSP server: https://repo1.maven.org/maven2/org/typelevel/cats-effect_2.12/2.1.3/cats-effect_2.12-2.1.3.jar (96.83 %, 1088769 / 1124358)
2023.10.08 18:06:24 INFO  BSP server: https://repo1.maven.org/maven2/com/chuusai/shapeless_2.12/2.3.3/shapeless_2.12-2.3.3.jar (60.13 %, 1950324 / 3243337)
2023.10.08 18:06:24 INFO  BSP server: https://repo1.maven.org/maven2/org/apache/logging/log4j/log4j-core/2.20.0/log4j-core-2.20.0.jar (48.74 %, 900481 / 1847550)
2023.10.08 18:06:24 INFO  BSP server: https://repo1.maven.org/maven2/io/github/alexarchambault/bleep/bloop-frontend_2.12/1.5.9-sc-1/bloop-frontend_2.12-1.5.9-sc-1.jar (25.59 %, 393216 / 1536412)
2023.10.08 18:06:24 INFO  BSP server: https://repo1.maven.org/maven2/org/scalaz/scalaz-core_2.12/7.3.7/scalaz-core_2.12-7.3.7.jar (3.62 %, 356305 / 9831992)
2023.10.08 18:06:24 INFO  BSP server: https://repo1.maven.org/maven2/io/get-coursier/interface/1.0.13/interface-1.0.13.jar (1.90 %, 194800 / 10225728)
2023.10.08 18:06:24 INFO  BSP server: 
2023.10.08 18:06:24 INFO  BSP server: Downloaded https://repo1.maven.org/maven2/org/typelevel/cats-effect_2.12/2.1.3/cats-effect_2.12-2.1.3.jar
2023.10.08 18:06:24 INFO  BSP server: Downloading https://repo1.maven.org/maven2/io/github/alexarchambault/bleep/bloop-shared_2.12/1.5.9-sc-1/bloop-shared_2.12-1.5.9-sc-1.jar
2023.10.08 18:06:26 INFO  BSP server: Downloaded https://repo1.maven.org/maven2/io/github/alexarchambault/bleep/bloop-shared_2.12/1.5.9-sc-1/bloop-shared_2.12-1.5.9-sc-1.jar
2023.10.08 18:06:26 INFO  BSP server: Downloading https://repo1.maven.org/maven2/io/github/alexarchambault/bleep/bloop-backend_2.12/1.5.9-sc-1/bloop-backend_2.12-1.5.9-sc-1.jar
2023.10.08 18:06:29 ERROR Timeout waiting for 'build/initialize' response
2023.10.08 18:06:29 WARN  Retrying connection to the build server scala-cli
2023.10.08 18:06:29 INFO  Running BSP server List(C:\Users\tyrbi\AppData\Local\Coursier\data\bin\.scala-cli.aux.exe, bsp, --json-options, C:\Users\tyrbi\naumen.scala.course.2023.spring\homeworks\homework_1\.scala-build\ide-options-v2.json, C:\Users\tyrbi\naumen.scala.course.2023.spring\homeworks\homework_1)
2023.10.08 18:06:30 INFO  tracing is disabled for protocol BSP, to enable tracing of incoming and outgoing JSON messages create an empty file at C:\Users\tyrbi\naumen.scala.course.2023.spring\homeworks\homework_1\.metals\bsp.trace.json or C:\Users\tyrbi\AppData\Local\scalameta\metals\cache\bsp.trace.json
2023.10.08 18:06:30 INFO  BSP server: Starting compilation server
2023.10.08 18:06:30 INFO  BSP server: Downloading https://repo1.maven.org/maven2/org/scala-sbt/collections_2.12/1.9.1/collections_2.12-1.9.1.jar
2023.10.08 18:06:30 INFO  BSP server: Downloading https://repo1.maven.org/maven2/io/github/alexarchambault/bleep/bloop-frontend_2.12/1.5.9-sc-1/bloop-frontend_2.12-1.5.9-sc-1.jar
2023.10.08 18:06:30 INFO  BSP server: Downloading https://repo1.maven.org/maven2/com/chuusai/shapeless_2.12/2.3.3/shapeless_2.12-2.3.3.jar
2023.10.08 18:06:30 INFO  BSP server: Downloading https://repo1.maven.org/maven2/io/github/alexarchambault/bleep/bloop-backend_2.12/1.5.9-sc-1/bloop-backend_2.12-1.5.9-sc-1.jar
2023.10.08 18:06:30 INFO  BSP server: Downloading https://repo1.maven.org/maven2/ch/qos/logback/logback-core/1.4.6/logback-core-1.4.6.jar
2023.10.08 18:06:30 INFO  BSP server: Downloading https://repo1.maven.org/maven2/io/github/alexarchambault/libdaemon/libdaemon_2.12/0.0.11/libdaemon_2.12-0.0.11.jar
2023.10.08 18:06:32 INFO  BSP server: Downloaded https://repo1.maven.org/maven2/io/github/alexarchambault/libdaemon/libdaemon_2.12/0.0.11/libdaemon_2.12-0.0.11.jar
2023.10.08 18:06:32 INFO  BSP server: Downloading https://repo1.maven.org/maven2/io/get-coursier/interface/1.0.13/interface-1.0.13.jar
2023.10.08 18:06:32 INFO  BSP server: Downloaded https://repo1.maven.org/maven2/org/scala-sbt/collections_2.12/1.9.1/collections_2.12-1.9.1.jar
2023.10.08 18:06:32 INFO  BSP server: Downloading https://repo1.maven.org/maven2/io/zipkin/brave/brave/5.16.0/brave-5.16.0.jar
2023.10.08 18:06:37 INFO  BSP server: Downloaded https://repo1.maven.org/maven2/ch/qos/logback/logback-core/1.4.6/logback-core-1.4.6.jar
2023.10.08 18:06:37 INFO  BSP server: Downloading https://repo1.maven.org/maven2/org/apache/logging/log4j/log4j-core/2.20.0/log4j-core-2.20.0.jar
2023.10.08 18:06:38 INFO  BSP server: Downloaded https://repo1.maven.org/maven2/io/zipkin/brave/brave/5.16.0/brave-5.16.0.jar
2023.10.08 18:06:38 INFO  BSP server: Downloading https://repo1.maven.org/maven2/io/monix/monix-execution_2.12/3.2.0/monix-execution_2.12-3.2.0.jar
2023.10.08 18:06:42 INFO  BSP server: Downloaded https://repo1.maven.org/maven2/io/github/alexarchambault/bleep/bloop-backend_2.12/1.5.9-sc-1/bloop-backend_2.12-1.5.9-sc-1.jar
2023.10.08 18:06:42 INFO  BSP server: Downloading https://repo1.maven.org/maven2/io/monix/monix-catnap_2.12/3.2.0/monix-catnap_2.12-3.2.0.jar
2023.10.08 18:06:48 INFO  BSP server: Still downloading:
2023.10.08 18:06:48 INFO  BSP server: https://repo1.maven.org/maven2/com/chuusai/shapeless_2.12/2.3.3/shapeless_2.12-2.3.3.jar (89.94 %, 2916980 / 3243337)
2023.10.08 18:06:48 INFO  BSP server: https://repo1.maven.org/maven2/io/github/alexarchambault/bleep/bloop-frontend_2.12/1.5.9-sc-1/bloop-frontend_2.12-1.5.9-sc-1.jar (88.18 %, 1354752 / 1536412)
2023.10.08 18:06:48 INFO  BSP server: https://repo1.maven.org/maven2/org/apache/logging/log4j/log4j-core/2.20.0/log4j-core-2.20.0.jar (84.13 %, 1554325 / 1847550)
2023.10.08 18:06:48 INFO  BSP server: https://repo1.maven.org/maven2/io/monix/monix-catnap_2.12/3.2.0/monix-catnap_2.12-3.2.0.jar (83.57 %, 196608 / 235267)
2023.10.08 18:06:48 INFO  BSP server: https://repo1.maven.org/maven2/io/monix/monix-execution_2.12/3.2.0/monix-execution_2.12-3.2.0.jar (38.74 %, 360448 / 930506)
2023.10.08 18:06:48 INFO  BSP server: https://repo1.maven.org/maven2/io/get-coursier/interface/1.0.13/interface-1.0.13.jar (8.47 %, 866544 / 10225728)
2023.10.08 18:06:48 INFO  BSP server: 
2023.10.08 18:06:48 INFO  BSP server: Downloaded https://repo1.maven.org/maven2/io/monix/monix-catnap_2.12/3.2.0/monix-catnap_2.12-3.2.0.jar
2023.10.08 18:06:48 INFO  BSP server: Downloading https://repo1.maven.org/maven2/io/monix/implicitbox_2.12/0.2.0/implicitbox_2.12-0.2.0.jar
2023.10.08 18:06:49 INFO  BSP server: Downloaded https://repo1.maven.org/maven2/io/monix/implicitbox_2.12/0.2.0/implicitbox_2.12-0.2.0.jar
2023.10.08 18:06:49 INFO  BSP server: Downloading https://repo1.maven.org/maven2/org/scalaz/scalaz-core_2.12/7.3.7/scalaz-core_2.12-7.3.7.jar
2023.10.08 18:06:50 ERROR Timeout waiting for 'build/initialize' response
2023.10.08 18:06:50 WARN  Retrying connection to the build server scala-cli
2023.10.08 18:06:50 INFO  Running BSP server List(C:\Users\tyrbi\AppData\Local\Coursier\data\bin\.scala-cli.aux.exe, bsp, --json-options, C:\Users\tyrbi\naumen.scala.course.2023.spring\homeworks\homework_1\.scala-build\ide-options-v2.json, C:\Users\tyrbi\naumen.scala.course.2023.spring\homeworks\homework_1)
2023.10.08 18:06:51 INFO  tracing is disabled for protocol BSP, to enable tracing of incoming and outgoing JSON messages create an empty file at C:\Users\tyrbi\naumen.scala.course.2023.spring\homeworks\homework_1\.metals\bsp.trace.json or C:\Users\tyrbi\AppData\Local\scalameta\metals\cache\bsp.trace.json
2023.10.08 18:06:51 INFO  BSP server: Starting compilation server
2023.10.08 18:06:51 INFO  BSP server: Downloading https://repo1.maven.org/maven2/com/chuusai/shapeless_2.12/2.3.3/shapeless_2.12-2.3.3.jar
2023.10.08 18:06:51 INFO  BSP server: Downloading https://repo1.maven.org/maven2/io/github/alexarchambault/bleep/bloop-frontend_2.12/1.5.9-sc-1/bloop-frontend_2.12-1.5.9-sc-1.jar
2023.10.08 18:06:51 INFO  BSP server: Downloading https://repo1.maven.org/maven2/org/apache/logging/log4j/log4j-core/2.20.0/log4j-core-2.20.0.jar
2023.10.08 18:06:51 INFO  BSP server: Downloading https://repo1.maven.org/maven2/org/scalaz/scalaz-core_2.12/7.3.7/scalaz-core_2.12-7.3.7.jar
2023.10.08 18:06:51 INFO  BSP server: Downloading https://repo1.maven.org/maven2/org/scala-sbt/util-interface/1.9.1/util-interface-1.9.1.jar
2023.10.08 18:06:51 INFO  BSP server: Downloading https://repo1.maven.org/maven2/io/get-coursier/interface/1.0.13/interface-1.0.13.jar
2023.10.08 18:06:51 INFO  BSP server: Downloaded https://repo1.maven.org/maven2/org/scala-sbt/util-interface/1.9.1/util-interface-1.9.1.jar
2023.10.08 18:06:51 INFO  BSP server: Downloading https://repo1.maven.org/maven2/ch/qos/logback/logback-classic/1.4.6/logback-classic-1.4.6.jar
2023.10.08 18:06:51 INFO  BSP server: Downloaded https://repo1.maven.org/maven2/io/github/alexarchambault/bleep/bloop-frontend_2.12/1.5.9-sc-1/bloop-frontend_2.12-1.5.9-sc-1.jar
2023.10.08 18:06:51 INFO  BSP server: Downloading https://repo1.maven.org/maven2/io/monix/monix-java_2.12/3.2.0/monix-java_2.12-3.2.0.jar
2023.10.08 18:06:51 INFO  BSP server: Downloaded https://repo1.maven.org/maven2/com/chuusai/shapeless_2.12/2.3.3/shapeless_2.12-2.3.3.jar
2023.10.08 18:06:51 INFO  BSP server: Downloading https://repo1.maven.org/maven2/io/monix/monix-execution_2.12/3.2.0/monix-execution_2.12-3.2.0.jar
2023.10.08 18:06:51 INFO  BSP server: Downloaded https://repo1.maven.org/maven2/org/apache/logging/log4j/log4j-core/2.20.0/log4j-core-2.20.0.jar
2023.10.08 18:06:51 INFO  BSP server: Downloading https://repo1.maven.org/maven2/org/reactivestreams/reactive-streams/1.0.4/reactive-streams-1.0.4.jar
2023.10.08 18:06:51 INFO  BSP server: Downloaded https://repo1.maven.org/maven2/io/monix/monix-java_2.12/3.2.0/monix-java_2.12-3.2.0.jar
2023.10.08 18:06:51 INFO  BSP server: Downloaded https://repo1.maven.org/maven2/ch/qos/logback/logback-classic/1.4.6/logback-classic-1.4.6.jar
2023.10.08 18:06:51 INFO  BSP server: Downloaded https://repo1.maven.org/maven2/org/reactivestreams/reactive-streams/1.0.4/reactive-streams-1.0.4.jar
2023.10.08 18:06:51 INFO  BSP server: Downloaded https://repo1.maven.org/maven2/io/monix/monix-execution_2.12/3.2.0/monix-execution_2.12-3.2.0.jar
2023.10.08 18:06:52 INFO  BSP server: Downloaded https://repo1.maven.org/maven2/org/scalaz/scalaz-core_2.12/7.3.7/scalaz-core_2.12-7.3.7.jar
2023.10.08 18:06:52 INFO  BSP server: Downloaded https://repo1.maven.org/maven2/io/get-coursier/interface/1.0.13/interface-1.0.13.jar
2023.10.08 18:06:57 INFO  BSP server: Downloading https://repo1.maven.org/maven2/com/sourcegraph/semanticdb-javac/0.7.4/semanticdb-javac-0.7.4.pom
2023.10.08 18:06:57 INFO  BSP server: Downloaded https://repo1.maven.org/maven2/com/sourcegraph/semanticdb-javac/0.7.4/semanticdb-javac-0.7.4.pom
2023.10.08 18:06:57 INFO  BSP server: Downloading https://repo1.maven.org/maven2/com/sourcegraph/semanticdb-javac/0.7.4/semanticdb-javac-0.7.4.jar
2023.10.08 18:06:57 INFO  BSP server: Downloaded https://repo1.maven.org/maven2/com/sourcegraph/semanticdb-javac/0.7.4/semanticdb-javac-0.7.4.jar
2023.10.08 18:06:58 INFO  time: Connected to build server in 50s
2023.10.08 18:06:58 INFO  Connected to Build server: scala-cli v1.0.4
2023.10.08 18:06:59 INFO  time: Imported build in 0.34s
2023.10.08 18:06:59 INFO  compiling homework_1_bd2c96d2de (1 scala source)
2023.10.08 18:07:02 INFO  time: indexed workspace in 3.44s
2023.10.08 18:07:08 INFO  time: compiled homework_1_bd2c96d2de in 8.82s
2023.10.08 18:08:48 WARN  no build target for: C:\Users\tyrbi\naumen.scala.course.2023.spring\homeworks\homework_1\task_3\untitled1\build.sbt
2023.10.08 18:11:23 INFO  compiling homework_1_bd2c96d2de (1 scala source)
2023.10.08 18:11:23 INFO  time: compiled homework_1_bd2c96d2de in 0.87s
2023.10.08 18:21:07 INFO  Shutting down server
2023.10.08 18:21:07 INFO  shutting down Metals
2023.10.08 18:21:07 INFO  Shut down connection with build server.
2023.10.08 18:21:07 INFO  Exiting server
2023.10.08 18:31:20 INFO  Started: Metals version 1.0.1 in folders 'C:\Users\tyrbi\naumen.scala.course.2023.spring\homeworks\homework_1' for client Visual Studio Code 1.83.0.
окт. 08, 2023 6:31:21 PM org.flywaydb.core.internal.license.VersionPrinter printVersionOnly
INFO: Flyway Community Edition 9.21.2 by Redgate
окт. 08, 2023 6:31:21 PM org.flywaydb.core.internal.license.VersionPrinter printVersion
INFO: See release notes here: https://rd.gt/416ObMi
окт. 08, 2023 6:31:21 PM org.flywaydb.core.internal.license.VersionPrinter printVersion
INFO: 
окт. 08, 2023 6:31:21 PM org.flywaydb.core.FlywayExecutor execute
INFO: Database: jdbc:h2:file:C:\Users\tyrbi\naumen.scala.course.2023.spring\homeworks\homework_1\.metals\metals (H2 2.1)
окт. 08, 2023 6:31:21 PM org.flywaydb.core.internal.command.DbValidate validate
INFO: Successfully validated 4 migrations (execution time 00:00.033s)
окт. 08, 2023 6:31:21 PM org.flywaydb.core.internal.command.DbMigrate migrateGroup
INFO: Current version of schema "PUBLIC": 4
окт. 08, 2023 6:31:21 PM org.flywaydb.core.internal.command.DbMigrate logSummary
INFO: Schema "PUBLIC" is up to date. No migration necessary.
2023.10.08 18:31:21 INFO  time: initialize in 0.88s
2023.10.08 18:31:25 INFO  Attempting to connect to the build server...
2023.10.08 18:31:25 INFO  Running BSP server List(C:\Users\tyrbi\AppData\Local\Coursier\data\bin\.scala-cli.aux.exe, bsp, --json-options, C:\Users\tyrbi\naumen.scala.course.2023.spring\homeworks\homework_1\.scala-build\ide-options-v2.json, C:\Users\tyrbi\naumen.scala.course.2023.spring\homeworks\homework_1)
2023.10.08 18:31:25 WARN  No build session currently active to reload.
2023.10.08 18:31:27 INFO  tracing is disabled for protocol BSP, to enable tracing of incoming and outgoing JSON messages create an empty file at C:\Users\tyrbi\naumen.scala.course.2023.spring\homeworks\homework_1\.metals\bsp.trace.json or C:\Users\tyrbi\AppData\Local\scalameta\metals\cache\bsp.trace.json
2023.10.08 18:31:31 INFO  no build target found for C:\Users\tyrbi\naumen.scala.course.2023.spring\homeworks\homework_1\task_3\untitled1\src\main\scala\Main.scala. Using presentation compiler with project's scala-library version: 3.3.0
2023.10.08 18:31:31 INFO  Shutting down server
2023.10.08 18:31:31 INFO  shutting down Metals
